0 info it worked if it ends with ok
1 verbose cli [ '/Users/mikefausz/.nvm/versions/node/v5.5.0/bin/node',
1 verbose cli   '/Users/mikefausz/.nvm/versions/node/v5.5.0/bin/npm',
1 verbose cli   'start' ]
2 info using npm@3.10.2
3 info using node@v5.5.0
4 verbose run-script [ 'prestart', 'start', 'poststart' ]
5 info lifecycle nautilus@1.0.0~prestart: nautilus@1.0.0
6 silly lifecycle nautilus@1.0.0~prestart: no script for prestart, continuing
7 info lifecycle nautilus@1.0.0~start: nautilus@1.0.0
8 verbose lifecycle nautilus@1.0.0~start: unsafe-perm in lifecycle true
9 verbose lifecycle nautilus@1.0.0~start: PATH: /Users/mikefausz/.nvm/versions/node/v5.5.0/lib/node_modules/npm/bin/node-gyp-bin:/Users/mikefausz/launchpeer/nautilus/node_modules/.bin:/Users/mikefausz/.nvm/versions/node/v5.5.0/bin:/Users/mikefausz/.nvm/versions/node/v5.5.0/bin:/usr/local/bin:/usr/bin:/bin:/usr/sbin:/sbin
10 verbose lifecycle nautilus@1.0.0~start: CWD: /Users/mikefausz/launchpeer/nautilus
11 silly lifecycle nautilus@1.0.0~start: Args: [ '-c',
11 silly lifecycle   'serve & ./node_modules/.bin/node-sass ./assets/css/styles.scss ./assets/css/styles.css -w & ./node_modules/.bin/watchify ./app/app.module.js -o bundle.js' ]
12 silly lifecycle nautilus@1.0.0~start: Returned: code: 139  signal: null
13 info lifecycle nautilus@1.0.0~start: Failed to exec start script
14 verbose stack Error: nautilus@1.0.0 start: `serve & ./node_modules/.bin/node-sass ./assets/css/styles.scss ./assets/css/styles.css -w & ./node_modules/.bin/watchify ./app/app.module.js -o bundle.js`
14 verbose stack Exit status 139
14 verbose stack     at EventEmitter.<anonymous> (/Users/mikefausz/.nvm/versions/node/v5.5.0/lib/node_modules/npm/lib/utils/lifecycle.js:242:16)
14 verbose stack     at emitTwo (events.js:100:13)
14 verbose stack     at EventEmitter.emit (events.js:185:7)
14 verbose stack     at ChildProcess.<anonymous> (/Users/mikefausz/.nvm/versions/node/v5.5.0/lib/node_modules/npm/lib/utils/spawn.js:40:14)
14 verbose stack     at emitTwo (events.js:100:13)
14 verbose stack     at ChildProcess.emit (events.js:185:7)
14 verbose stack     at maybeClose (internal/child_process.js:821:16)
14 verbose stack     at Process.ChildProcess._handle.onexit (internal/child_process.js:211:5)
15 verbose pkgid nautilus@1.0.0
16 verbose cwd /Users/mikefausz/launchpeer/nautilus
17 error Darwin 14.5.0
18 error argv "/Users/mikefausz/.nvm/versions/node/v5.5.0/bin/node" "/Users/mikefausz/.nvm/versions/node/v5.5.0/bin/npm" "start"
19 error node v5.5.0
20 error npm  v3.10.2
21 error code ELIFECYCLE
22 error nautilus@1.0.0 start: `serve & ./node_modules/.bin/node-sass ./assets/css/styles.scss ./assets/css/styles.css -w & ./node_modules/.bin/watchify ./app/app.module.js -o bundle.js`
22 error Exit status 139
23 error Failed at the nautilus@1.0.0 start script 'serve & ./node_modules/.bin/node-sass ./assets/css/styles.scss ./assets/css/styles.css -w & ./node_modules/.bin/watchify ./app/app.module.js -o bundle.js'.
23 error Make sure you have the latest version of node.js and npm installed.
23 error If you do, this is most likely a problem with the nautilus package,
23 error not with npm itself.
23 error Tell the author that this fails on your system:
23 error     serve & ./node_modules/.bin/node-sass ./assets/css/styles.scss ./assets/css/styles.css -w & ./node_modules/.bin/watchify ./app/app.module.js -o bundle.js
23 error You can get information on how to open an issue for this project with:
23 error     npm bugs nautilus
23 error Or if that isn't available, you can get their info via:
23 error     npm owner ls nautilus
23 error There is likely additional logging output above.
24 verbose exit [ 1, true ]
